ppl@ppl-K53SD:~/Work/stm32-vserprog/flashrom$ ./flashrom -p serprog:dev=/dev/ttyACM0
flashrom v1.2 on Linux 5.4.0-66-generic (x86_64)
flashrom is free software, get the source code at https://flashrom.org

Using clock_gettime for delay loops (clk_id: 1, resolution: 1ns).
Error: Cannot open serial port: Permission denied
Error: Programmer initialization failed.
ppl@ppl-K53SD:~/Work/stm32-vserprog/flashrom$ sudo ./flashrom -p serprog:dev=/dev/ttyACM0
[sudo] пароль для ppl:
flashrom v1.2 on Linux 5.4.0-66-generic (x86_64)
flashrom is free software, get the source code at https://flashrom.org

Using clock_gettime for delay loops (clk_id: 1, resolution: 1ns).
serprog: Programmer name is "stm32-vserprog"
serprog: requested mapping AT45CS1282 is incompatible: 0x1080000 bytes at 0x00000000fef80000.
serprog: requested mapping GD25Q256D is incompatible: 0x2000000 bytes at 0x00000000fe000000.
serprog: requested mapping IS25LP256 is incompatible: 0x2000000 bytes at 0x00000000fe000000.
serprog: requested mapping IS25WP256 is incompatible: 0x2000000 bytes at 0x00000000fe000000.
serprog: requested mapping MX25L25635F/MX25L25645G is incompatible: 0x2000000 bytes at 0x00000000fe000000.
Found Macronix flash chip "MX25L3205(A)" (4096 kB, SPI) on serprog.
Found Macronix flash chip "MX25L3205D/MX25L3208D" (4096 kB, SPI) on serprog.
Found Macronix flash chip "MX25L3206E/MX25L3208E" (4096 kB, SPI) on serprog.
Found Macronix flash chip "MX25L3273E" (4096 kB, SPI) on serprog.
serprog: requested mapping MX25U25635F is incompatible: 0x2000000 bytes at 0x00000000fe000000.
serprog: requested mapping MX25U51245G is incompatible: 0x4000000 bytes at 0x00000000fc000000.
serprog: requested mapping MX66L51235F/MX25L51245G is incompatible: 0x4000000 bytes at 0x00000000fc000000.
serprog: requested mapping N25Q00A..1G is incompatible: 0x8000000 bytes at 0x00000000f8000000.
serprog: requested mapping N25Q00A..3G is incompatible: 0x8000000 bytes at 0x00000000f8000000.
serprog: requested mapping N25Q256..1E is incompatible: 0x2000000 bytes at 0x00000000fe000000.
serprog: requested mapping N25Q256..3E is incompatible: 0x2000000 bytes at 0x00000000fe000000.
serprog: requested mapping N25Q512..1G is incompatible: 0x4000000 bytes at 0x00000000fc000000.
serprog: requested mapping N25Q512..3G is incompatible: 0x4000000 bytes at 0x00000000fc000000.
serprog: requested mapping MT25QL01G is incompatible: 0x8000000 bytes at 0x00000000f8000000.
serprog: requested mapping MT25QU01G is incompatible: 0x8000000 bytes at 0x00000000f8000000.
serprog: requested mapping MT25QL02G is incompatible: 0x10000000 bytes at 0x00000000f0000000.
serprog: requested mapping MT25QU02G is incompatible: 0x10000000 bytes at 0x00000000f0000000.
serprog: requested mapping MT25QL256 is incompatible: 0x2000000 bytes at 0x00000000fe000000.
serprog: requested mapping MT25QU256 is incompatible: 0x2000000 bytes at 0x00000000fe000000.
serprog: requested mapping MT25QL512 is incompatible: 0x4000000 bytes at 0x00000000fc000000.
serprog: requested mapping MT25QU512 is incompatible: 0x4000000 bytes at 0x00000000fc000000.
serprog: requested mapping S25FL256S......0 is incompatible: 0x2000000 bytes at 0x00000000fe000000.
serprog: requested mapping S25FL512S is incompatible: 0x4000000 bytes at 0x00000000fc000000.
serprog: requested mapping W25Q256.V is incompatible: 0x2000000 bytes at 0x00000000fe000000.
serprog: requested mapping W25Q256JV_M is incompatible: 0x2000000 bytes at 0x00000000fe000000.
Multiple flash chip definitions match the detected chip(s): "MX25L3205(A)", "MX25L3205D/MX25L3208D", "MX25L3206E/MX25L3208E", "MX25L3273E"
Please specify which chip definition to use with the -c <chipname> option.
ppl@ppl-K53SD:~/Work/stm32-vserprog/flashrom$ sudo ./flashrom -p serprog:dev=/dev/ttyACM0:4000000 -c MX25L3205D/MX25L3208D -r ~/Work/hp_bios.bin
flashrom v1.2 on Linux 5.4.0-66-generic (x86_64)
flashrom is free software, get the source code at https://flashrom.org

Using clock_gettime for delay loops (clk_id: 1, resolution: 1ns).
serprog: Programmer name is "stm32-vserprog"
Found Macronix flash chip "MX25L3205D/MX25L3208D" (4096 kB, SPI) on serprog.
Reading flash... done.
ppl@ppl-K53SD:~/Work/stm32-vserprog/flashrom$ sudo ./flashrom -p serprog:dev=/dev/ttyACM0:4194304 -c MX25L3205D/MX25L3208D -r ~/Work/hp_bios4194304.bin
flashrom v1.2 on Linux 5.4.0-66-generic (x86_64)
flashrom is free software, get the source code at https://flashrom.org

Using clock_gettime for delay loops (clk_id: 1, resolution: 1ns).
serprog: Programmer name is "stm32-vserprog"
Found Macronix flash chip "MX25L3205D/MX25L3208D" (4096 kB, SPI) on serprog.
Reading flash... done.

